<?xml version="1.0" encoding="UTF-8"?>
<!-- Generated by org.testng.reporters.JUnitReportReporter -->
<testsuite skipped="0" hostname="DESKTOP-RV54SM4" name="com.qa.test.SoapUIPostRequest" tests="1" failures="0" timestamp="21 Mar 2020 10:19:07 GMT" time="8.567" errors="0">
  <testcase name="soapGetRequest" time="8.567" classname="com.qa.test.SoapUIPostRequest"/>
</testsuite> <!-- com.qa.test.SoapUIPostRequest -->
