<?xml version="1.0" encoding="UTF-8"?>
<!-- Generated by org.testng.reporters.JUnitReportReporter -->
<testsuite skipped="0" hostname="DESKTOP-RV54SM4" name="com.qa.test.GetAPITest" tests="2" failures="0" timestamp="19 Mar 2020 18:15:30 GMT" time="2.959" errors="0">
  <testcase name="getTestWithOutHeaders" time="2.860" classname="com.qa.test.GetAPITest"/>
  <testcase name="getTestWithHeaders" time="0.099" classname="com.qa.test.GetAPITest"/>
</testsuite> <!-- com.qa.test.GetAPITest -->
