<?xml version="1.0" encoding="UTF-8"?>
<!-- Generated by org.testng.reporters.JUnitReportReporter -->
<testsuite skipped="0" hostname="DESKTOP-RV54SM4" name="com.qa.test.PostAPITest" tests="1" failures="0" timestamp="08 Mar 2020 06:39:52 GMT" time="3.274" errors="0">
  <testcase name="postTest" time="3.274" classname="com.qa.test.PostAPITest"/>
</testsuite> <!-- com.qa.test.PostAPITest -->
