<?xml version="1.0" encoding="UTF-8"?>
<!-- Generated by org.testng.reporters.JUnitReportReporter -->
<testsuite skipped="0" hostname="DESKTOP-RV54SM4" name="com.qa.test.GetAPIPractice" tests="1" failures="0" timestamp="19 Mar 2020 17:16:08 GMT" time="1.480" errors="0">
  <testcase name="getAPITest" time="1.480" classname="com.qa.test.GetAPIPractice"/>
</testsuite> <!-- com.qa.test.GetAPIPractice -->
